Microsoft HTML Help Compiler 4.74.8702

Compiling c:\QChartist\docs\_tmphhp\qchartist.chm

topic1.html
topic2.html
topic3.html
datasource.html
importcsv.html
exportcsv.html
attributetimeframe.html
toolsettings.html
showseparatecanvas.html
objectslist.html
astrowheelsettings.html
chartopening.html
linestudies.html
averagerangeadr.html
atrchannel.html
bollingerbands.html
bbhl.html
bowels.html
centerofgravity.html
cogofrstl.html
dinfibohigh.html
enveloppes.html
levels.html
simplemovingaverage.html
machanelsfiboenvmid.html
murreymath.html
planetarylines.html
fibomachannels.html
vegas.html
rstl.html
timeseriesforecast.html
volatilitypivot.html
volatilitystop.html
waterlevel.html
weeklypivot.html
zigzag.html
accelerator.html
astroretrograde.html
atr.html
candleaverage.html
declinationsystem.html
ehlersfishertransform.html
fftspectro.html
forceindex.html
gauquelinsector.html
lss.html
moneyflowindex.html
planetscale.html
rsi.html
smfishertransform3nr.html
spectrometer.html
stepftvcprdl.html
steprsi.html
threedoscilator.html
valuechart.html
valuechartofatrchannels.html
howtocreateanewindicator.html
howtousemultitimeframeindicators.html
theselectiontool.html
indicators.html
about.html
displayedfile.html
chartbars.html
charttf.html
importedfile.html
openedfilesnb.html
rowgridoffset.html
grid.html
date.html
time.html
open.html
high.html
low.html
close.html
volume.html
date1.html
time1.html
open1.html
high1.html
low1.html
close1.html
volume1.html
numbars.html
bars.html
graphvhigh.html
graphvlow.html
alltimehigh.html
alltimelow.html
btnonclickdrawbox.html
reimportfile.html
opena.html
highta.html
lowa.html
closea.html
datea.html
timea.html
volumea.html
constants.html
ibarshift.html
ihighest.html
ilowest.html
timeb.html
itimeb.html
timeminute.html
timehour.html
timedayofweek.html
mathmax.html
mathmin.html
idate.html
itime.html
iopen.html
ihigh.html
ilow.html
iclose.html
ivolume.html
aboutqtgen.html
aboutqtguard.html
gettingstarted.html
qchartist.hhc
qchartist.hhk
linestudiesb1.PNG
linestudiesb2.PNG
linestudiesb3.PNG
linestudiesb4.PNG
linestudiesb5.PNG
linestudiesb6.PNG
linestudiesb7.PNG
linestudiesb8.PNG
linestudiesb9.PNG
linestudiesb10.PNG
linestudiesb11.PNG
linestudiesb12.PNG
linestudiesb13.PNG
linestudiesb14.PNG
linestudiesb15.PNG
linestudiesb16.PNG
linestudiesb17.PNG
linestudiesb18.PNG
linestudiesb19.PNG
linestudiesb20.PNG
linestudiesb21.PNG
linestudiesb22.PNG
linestudiesb23.PNG
linestudiesb24.PNG
linestudiesb25.PNG
linestudiesb26.PNG
howtousemultitimeframeindicatorsb1.PNG

Compile time: 0 minutes, 3 seconds
120	Topics
641	Local links
2	Internet links
27	Graphics


Created c:\QChartist\docs\_tmphhp\qchartist.chm, 186,943 bytes
Compression decreased file by 257,225 bytes.
